Using pre-set license
Built from '6000.0/staging' branch; Version is '6000.0.38f1 (82314a941f2d) revision 8532298'; Using compiler version '193933523'; Build Type 'Release'
OS: 'Windows 10  (10.0.19045) 64bit Core' Language: 'en' Physical Memory: 11600 MB
BatchMode: 1, IsHumanControllingUs: 0, StartBugReporterOnCrash: 0, Is64bit: 1, IsPro: 1

COMMAND LINE ARGUMENTS:
C:\Program Files\Unity\Hub\Editor\6000.0.38f1\Editor\Unity.exe
-adb2
-batchMode
-noUpm
-name
AssetImportWorker2
-projectPath
C:/Users/admin/Desktop/nexus
-logFile
Logs/AssetImportWorker2.log
-srvPort
52160
-job-worker-count
7
-background-job-worker-count
8
-gc-helper-count
1
Successfully changed project path to: C:/Users/admin/Desktop/nexus
C:/Users/admin/Desktop/nexus
[UnityMemory] Configuration Parameters - Can be set up in boot.config
    "memorysetup-bucket-allocator-granularity=16"
    "memorysetup-bucket-allocator-bucket-count=8"
    "memorysetup-bucket-allocator-block-size=33554432"
    "memorysetup-bucket-allocator-block-count=8"
    "memorysetup-main-allocator-block-size=16777216"
    "memorysetup-thread-allocator-block-size=16777216"
    "memorysetup-gfx-main-allocator-block-size=16777216"
    "memorysetup-gfx-thread-allocator-block-size=16777216"
    "memorysetup-cache-allocator-block-size=4194304"
    "memorysetup-typetree-allocator-block-size=2097152"
    "memorysetup-profiler-bucket-allocator-granularity=16"
    "memorysetup-profiler-bucket-allocator-bucket-count=8"
    "memorysetup-profiler-bucket-allocator-block-size=33554432"
    "memorysetup-profiler-bucket-allocator-block-count=8"
    "memorysetup-profiler-allocator-block-size=16777216"
    "memorysetup-profiler-editor-allocator-block-size=1048576"
    "memorysetup-temp-allocator-size-main=16777216"
    "memorysetup-job-temp-allocator-block-size=2097152"
    "memorysetup-job-temp-allocator-block-size-background=1048576"
    "memorysetup-job-temp-allocator-reduction-small-platforms=262144"
    "memorysetup-allocator-temp-initial-block-size-main=262144"
    "memorysetup-allocator-temp-initial-block-size-worker=262144"
    "memorysetup-temp-allocator-size-background-worker=32768"
    "memorysetup-temp-allocator-size-job-worker=262144"
    "memorysetup-temp-allocator-size-preload-manager=33554432"
    "memorysetup-temp-allocator-size-nav-mesh-worker=65536"
    "memorysetup-temp-allocator-size-audio-worker=65536"
    "memorysetup-temp-allocator-size-cloud-worker=32768"
    "memorysetup-temp-allocator-size-gi-baking-worker=262144"
    "memorysetup-temp-allocator-size-gi-baking-worker=262144"
    "memorysetup-temp-allocator-size-gi-baking-worker=262144"
    "memorysetup-temp-allocator-size-gi-baking-worker=262144"
    "memorysetup-temp-allocator-size-gi-baking-worker=262144"
    "memorysetup-temp-allocator-size-gfx=262144"
Player connection [13836]  Target information:

Player connection [13836]  * "[IP] 169.254.111.230 [Port] 0 [Flags] 2 [Guid] 3896380201 [EditorId] 3896380201 [Version] 1048832 [Id] WindowsEditor(7,DESKTOP-04V7QKG) [Debug] 1 [PackageName] WindowsEditor [ProjectName] Editor" 

Player connection [13836]  * "[IP] 192.168.31.8 [Port] 0 [Flags] 2 [Guid] 3896380201 [EditorId] 3896380201 [Version] 1048832 [Id] WindowsEditor(7,DESKTOP-04V7QKG) [Debug] 1 [PackageName] WindowsEditor [ProjectName] Editor" 

Player connection [13836] Host joined multi-casting on [225.0.0.222:54997]...
Player connection [13836] Host joined alternative multi-casting on [225.0.0.222:34997]...
JobSystem: Creating JobQueue using job-worker-count value 7
Input System module state changed to: Initialized.
[Physics::Module] Initialized fallback backend.
[Physics::Module] Id: 0xdecafbad
Library Redirect Path: Library/
[Physics::Module] Selected backend.
[Physics::Module] Name: PhysX
[Physics::Module] Id: 0xf2b8ea05
[Physics::Module] SDK Version: 4.1.2
[Physics::Module] Integration Version: 1.0.0
[Physics::Module] Threading Mode: Multi-Threaded
Refreshing native plugins compatible for Editor in 3.22 ms, found 5 plugins.
Preloading 0 native plugins for Editor in 0.00 ms.
Initialize engine version: 6000.0.38f1 (82314a941f2d)
[Subsystems] Discovering subsystems at path C:/Program Files/Unity/Hub/Editor/6000.0.38f1/Editor/Data/Resources/UnitySubsystems
[Subsystems] Discovering subsystems at path C:/Users/admin/Desktop/nexus/Assets
GfxDevice: creating device client; kGfxThreadingModeNonThreaded
Direct3D:
    Version:  Direct3D 11.0 [level 11.1]
    Renderer: AMD Radeon(TM) Graphics (ID=0x164c)
    Vendor:   ATI
    VRAM:     5800 MB
    Driver:   27.20.15002.6001
Initialize mono
Mono path[0] = 'C:/Program Files/Unity/Hub/Editor/6000.0.38f1/Editor/Data/Managed'
Mono path[1] = 'C:/Program Files/Unity/Hub/Editor/6000.0.38f1/Editor/Data/MonoBleedingEdge/lib/mono/unityjit-win32'
Mono config path = 'C:/Program Files/Unity/Hub/Editor/6000.0.38f1/Editor/Data/MonoBleedingEdge/etc'
Using monoOptions --debugger-agent=transport=dt_socket,embedding=1,server=y,suspend=n,address=127.0.0.1:56288
Begin MonoManager ReloadAssembly
Registering precompiled unity dll's ...
Register platform support module: C:/Program Files/Unity/Hub/Editor/6000.0.38f1/Editor/Data/PlaybackEngines/WindowsStandaloneSupport/UnityEditor.WindowsStandalone.Extensions.dll
Registered in 0.002579 seconds.
- Loaded All Assemblies, in  0.418 seconds
Native extension for WindowsStandalone target not found
Mono: successfully reloaded assembly
- Finished resetting the current domain, in  0.387 seconds
Domain Reload Profiling: 804ms
	BeginReloadAssembly (135ms)
		ExecutionOrderSort (0ms)
		DisableScriptedObjects (0ms)
		BackupInstance (0ms)
		ReleaseScriptingObjects (0ms)
		CreateAndSetChildDomain (1ms)
	RebuildCommonClasses (40ms)
	RebuildNativeTypeToScriptingClass (13ms)
	initialDomainReloadingComplete (49ms)
	LoadAllAssembliesAndSetupDomain (180ms)
		LoadAssemblies (132ms)
		RebuildTransferFunctionScriptingTraits (0ms)
		AnalyzeDomain (176ms)
			TypeCache.Refresh (175ms)
				TypeCache.ScanAssembly (161ms)
			BuildScriptInfoCaches (0ms)
			ResolveRequiredComponents (1ms)
	FinalizeReload (388ms)
		ReleaseScriptCaches (0ms)
		RebuildScriptCaches (0ms)
		SetupLoadedEditorAssemblies (334ms)
			LogAssemblyErrors (0ms)
			InitializePlatformSupportModulesInManaged (31ms)
			SetLoadedEditorAssemblies (5ms)
			BeforeProcessingInitializeOnLoad (63ms)
			ProcessInitializeOnLoadAttributes (173ms)
			ProcessInitializeOnLoadMethodAttributes (62ms)
			AfterProcessingInitializeOnLoad (0ms)
			EditorAssembliesLoaded (0ms)
		ExecutionOrderSort2 (0ms)
		AwakeInstancesAfterBackupRestoration (0ms)
Assembly reference Packages/com.unity.cinemachine/Editor/Samples/ExposeHDRPInternals/HDRP-Editor-ref.asmref has no target assembly definition
========================================================================
Worker process is ready to serve import requests
Import Worker Mode flag is 0x00
Assembly reference Packages/com.unity.cinemachine/Editor/Samples/ExposeHDRPInternals/HDRP-Editor-ref.asmref has no target assembly definition
Assembly reference Packages/com.unity.cinemachine/Editor/Samples/ExposeHDRPInternals/HDRP-Editor-ref.asmref has no target assembly definition
Begin MonoManager ReloadAssembly
- Loaded All Assemblies, in  1.254 seconds
Assembly reference Packages/com.unity.cinemachine/Editor/Samples/ExposeHDRPInternals/HDRP-Editor-ref.asmref has no target assembly definition
'Packages/com.unity.cinemachine/Editor/Obsolete/CinemachineVirtualCameraBaseEditor.cs' contains partial class of Unity.Object, exactly 1 of the partial classes needs to be in a file with the same filename. This is to know the one that can be referenced from ie. GameObjects
'Packages/com.unity.cinemachine/Editor/Editors/CinemachineVirtualCameraBaseEditor.cs' contains partial class of Unity.Object, exactly 1 of the partial classes needs to be in a file with the same filename. This is to know the one that can be referenced from ie. GameObjects
Refreshing native plugins compatible for Editor in 2.39 ms, found 5 plugins.
Native extension for WindowsStandalone target not found
Assembly reference Packages/com.unity.cinemachine/Editor/Samples/ExposeHDRPInternals/HDRP-Editor-ref.asmref has no target assembly definition
Package Manager log level set to [2]
[Package Manager] Failed to launch server process. Reason: Unity was launched with the -noUpm command-line argument
[Package Manager] Unable to send message (not connected to server process).
[Package Manager] Cannot connect to Unity Package Manager local server
Refreshing native plugins compatible for Editor in 2.64 ms, found 5 plugins.
Mono: successfully reloaded assembly
- Finished resetting the current domain, in  1.184 seconds
Domain Reload Profiling: 2434ms
	BeginReloadAssembly (178ms)
		ExecutionOrderSort (0ms)
		DisableScriptedObjects (6ms)
		BackupInstance (0ms)
		ReleaseScriptingObjects (0ms)
		CreateAndSetChildDomain (32ms)
	RebuildCommonClasses (40ms)
	RebuildNativeTypeToScriptingClass (13ms)
	initialDomainReloadingComplete (40ms)
	LoadAllAssembliesAndSetupDomain (978ms)
		LoadAssemblies (534ms)
		RebuildTransferFunctionScriptingTraits (0ms)
		AnalyzeDomain (550ms)
			TypeCache.Refresh (430ms)
				TypeCache.ScanAssembly (407ms)
			BuildScriptInfoCaches (100ms)
			ResolveRequiredComponents (16ms)
	FinalizeReload (1184ms)
		ReleaseScriptCaches (0ms)
		RebuildScriptCaches (0ms)
		SetupLoadedEditorAssemblies (998ms)
			LogAssemblyErrors (0ms)
			InitializePlatformSupportModulesInManaged (2ms)
			SetLoadedEditorAssemblies (5ms)
			BeforeProcessingInitializeOnLoad (126ms)
			ProcessInitializeOnLoadAttributes (653ms)
			ProcessInitializeOnLoadMethodAttributes (206ms)
			AfterProcessingInitializeOnLoad (5ms)
			EditorAssembliesLoaded (0ms)
		ExecutionOrderSort2 (0ms)
		AwakeInstancesAfterBackupRestoration (7ms)
Launched and connected shader compiler UnityShaderCompiler.exe after 0.01 seconds
Refreshing native plugins compatible for Editor in 2.11 ms, found 5 plugins.
Preloading 0 native plugins for Editor in 0.00 ms.
Unloading 208 Unused Serialized files (Serialized files now loaded: 0)
Unloading 7382 unused Assets / (7.5 MB). Loaded Objects now: 8013.
Memory consumption went from 178.6 MB to 171.0 MB.
Total: 14.320200 ms (FindLiveObjects: 1.549900 ms CreateObjectMapping: 1.299400 ms MarkObjects: 6.984600 ms  DeleteObjects: 4.484700 ms)

========================================================================
Received Import Request.
  Time since last request: 2183834.412435 seconds.
  path: ProjectSettings/TagManager.asset
  artifactKey: Guid(00000000000000003000000000000000) Importer(815301076,1909f56bfc062723c751e8b465ee728b)
Start importing ProjectSettings/TagManager.asset using Guid(00000000000000003000000000000000) Importer(815301076,1909f56bfc062723c751e8b465ee728b) (PreviewImporter) -> (artifact id: '77f9dd6f28fd7527787506f1412fa193') in 0.0278754 seconds
Number of updated asset objects reloaded before import = 0Number of asset objects unloaded after import = 0

========================================================================
Received Import Request.
  Time since last request: 181.752775 seconds.
  path: Assets/Art/rvros-adventurer
  artifactKey: Guid(3d006036543cfe1488cb0f06928a98c8) Importer(815301076,1909f56bfc062723c751e8b465ee728b)
Start importing Assets/Art/rvros-adventurer using Guid(3d006036543cfe1488cb0f06928a98c8) Importer(815301076,1909f56bfc062723c751e8b465ee728b) (PreviewImporter) -> (artifact id: '6193207f26cd797982d64f00fab4a886') in 0.0007409 seconds
Number of updated asset objects reloaded before import = 0Number of asset objects unloaded after import = 0

========================================================================
Received Import Request.
  Time since last request: 0.033655 seconds.
  path: Assets/Art/rvros-adventurer/adventurer-bow-Sheet.png
  artifactKey: Guid(9e3a7736edf4de145a0d0e18f9328395) Importer(815301076,1909f56bfc062723c751e8b465ee728b)
Start importing Assets/Art/rvros-adventurer/adventurer-bow-Sheet.png using Guid(9e3a7736edf4de145a0d0e18f9328395) Importer(815301076,1909f56bfc062723c751e8b465ee728b) (PreviewImporter) -> (artifact id: '782299e77785e33326f6f9c0ecb431b8') in 0.0587616 seconds
Number of updated asset objects reloaded before import = 0Number of asset objects unloaded after import = 2

========================================================================
Received Import Request.
  Time since last request: 2.047229 seconds.
  path: Assets/Art/rvros-adventurer/Individual Sprites
  artifactKey: Guid(c47e7baa29c0b1e41bc3d27271dffef6) Importer(815301076,1909f56bfc062723c751e8b465ee728b)
Start importing Assets/Art/rvros-adventurer/Individual Sprites using Guid(c47e7baa29c0b1e41bc3d27271dffef6) Importer(815301076,1909f56bfc062723c751e8b465ee728b) (PreviewImporter) -> (artifact id: 'ba629f98a39048ad9e0db5ae1d71bf60') in 0.0019937 seconds
Number of updated asset objects reloaded before import = 0Number of asset objects unloaded after import = 0

========================================================================
Received Import Request.
  Time since last request: 0.033505 seconds.
  path: Assets/Art/rvros-adventurer/Individual Sprites/adventurer-air-attack-3-end-00.png
  artifactKey: Guid(6b208dc44a205de409bd101d41a71abf) Importer(815301076,1909f56bfc062723c751e8b465ee728b)
Start importing Assets/Art/rvros-adventurer/Individual Sprites/adventurer-air-attack-3-end-00.png using Guid(6b208dc44a205de409bd101d41a71abf) Importer(815301076,1909f56bfc062723c751e8b465ee728b) (PreviewImporter) -> (artifact id: 'c25344034e4817df2ce682f3f65c55f4') in 0.0145524 seconds
Number of updated asset objects reloaded before import = 0Number of asset objects unloaded after import = 2

========================================================================
Received Import Request.
  Time since last request: 0.000019 seconds.
  path: Assets/Art/rvros-adventurer/Individual Sprites/adventurer-air-attack-3-end-02.png
  artifactKey: Guid(91beb3e9bedb5284fb05308d0df61155) Importer(815301076,1909f56bfc062723c751e8b465ee728b)
Start importing Assets/Art/rvros-adventurer/Individual Sprites/adventurer-air-attack-3-end-02.png using Guid(91beb3e9bedb5284fb05308d0df61155) Importer(815301076,1909f56bfc062723c751e8b465ee728b) (PreviewImporter) -> (artifact id: '6dd6834397cad4afd76eac1c7bc141e5') in 0.0170522 seconds
Number of updated asset objects reloaded before import = 0Number of asset objects unloaded after import = 2

========================================================================
Received Import Request.
  Time since last request: 0.000058 seconds.
  path: Assets/Art/rvros-adventurer/Individual Sprites/adventurer-air-attack1-03.png
  artifactKey: Guid(68ffe323f30b09945a9226303fef0755) Importer(815301076,1909f56bfc062723c751e8b465ee728b)
Start importing Assets/Art/rvros-adventurer/Individual Sprites/adventurer-air-attack1-03.png using Guid(68ffe323f30b09945a9226303fef0755) Importer(815301076,1909f56bfc062723c751e8b465ee728b) (PreviewImporter) -> (artifact id: '6675b9b1efc556311d3e134af6d4692e') in 0.0193196 seconds
Number of updated asset objects reloaded before import = 0Number of asset objects unloaded after import = 2

========================================================================
Received Import Request.
  Time since last request: 0.000023 seconds.
  path: Assets/Art/rvros-adventurer/Individual Sprites/adventurer-air-attack2-02.png
  artifactKey: Guid(80d2a2b7a570fc14ba27c3b60f156b05) Importer(815301076,1909f56bfc062723c751e8b465ee728b)
Start importing Assets/Art/rvros-adventurer/Individual Sprites/adventurer-air-attack2-02.png using Guid(80d2a2b7a570fc14ba27c3b60f156b05) Importer(815301076,1909f56bfc062723c751e8b465ee728b) (PreviewImporter) -> (artifact id: '777bb9b8583a625740e6985d7113c697') in 0.017091 seconds
Number of updated asset objects reloaded before import = 0Number of asset objects unloaded after import = 2

========================================================================
Received Import Request.
  Time since last request: 0.000025 seconds.
  path: Assets/Art/rvros-adventurer/Individual Sprites/adventurer-air-attack1-02.png
  artifactKey: Guid(c4ebdf84e06d97f4c9ea40e5504e34f9) Importer(815301076,1909f56bfc062723c751e8b465ee728b)
Start importing Assets/Art/rvros-adventurer/Individual Sprites/adventurer-air-attack1-02.png using Guid(c4ebdf84e06d97f4c9ea40e5504e34f9) Importer(815301076,1909f56bfc062723c751e8b465ee728b) (PreviewImporter) -> (artifact id: '1fd997f416db9addf7b47999c8f9715c') in 0.0186977 seconds
Number of updated asset objects reloaded before import = 0Number of asset objects unloaded after import = 2

========================================================================
Received Import Request.
  Time since last request: 0.000052 seconds.
  path: Assets/Art/rvros-adventurer/Individual Sprites/adventurer-air-attack3-rdy-00.png
  artifactKey: Guid(2ff03549b38612a4ab46638e6511a049) Importer(815301076,1909f56bfc062723c751e8b465ee728b)
Start importing Assets/Art/rvros-adventurer/Individual Sprites/adventurer-air-attack3-rdy-00.png using Guid(2ff03549b38612a4ab46638e6511a049) Importer(815301076,1909f56bfc062723c751e8b465ee728b) (PreviewImporter) -> (artifact id: '162ae1ab42c4555dba89be4da1287d93') in 0.0138418 seconds
Number of updated asset objects reloaded before import = 0Number of asset objects unloaded after import = 2

========================================================================
Received Import Request.
  Time since last request: 0.000023 seconds.
  path: Assets/Art/rvros-adventurer/Individual Sprites/adventurer-attack2-05.png
  artifactKey: Guid(2a81a1cefac0c244798a96bcfd8818d2) Importer(815301076,1909f56bfc062723c751e8b465ee728b)
Start importing Assets/Art/rvros-adventurer/Individual Sprites/adventurer-attack2-05.png using Guid(2a81a1cefac0c244798a96bcfd8818d2) Importer(815301076,1909f56bfc062723c751e8b465ee728b) (PreviewImporter) -> (artifact id: '0151a0aa0272a5b2cc4000cd08e47564') in 0.0151799 seconds
Number of updated asset objects reloaded before import = 0Number of asset objects unloaded after import = 2

========================================================================
Received Import Request.
  Time since last request: 0.000025 seconds.
  path: Assets/Art/rvros-adventurer/Individual Sprites/adventurer-attack3-00.png
  artifactKey: Guid(62e6a35b4e4bdef47bf770912a10913e) Importer(815301076,1909f56bfc062723c751e8b465ee728b)
Start importing Assets/Art/rvros-adventurer/Individual Sprites/adventurer-attack3-00.png using Guid(62e6a35b4e4bdef47bf770912a10913e) Importer(815301076,1909f56bfc062723c751e8b465ee728b) (PreviewImporter) -> (artifact id: 'd552959549022b24205df2b37530bc47') in 0.0188817 seconds
Number of updated asset objects reloaded before import = 0Number of asset objects unloaded after import = 2

========================================================================
Received Import Request.
  Time since last request: 0.000023 seconds.
  path: Assets/Art/rvros-adventurer/Individual Sprites/adventurer-bow-02.png
  artifactKey: Guid(45b9de990c2d6304e9e7f8b1e94dda27) Importer(815301076,1909f56bfc062723c751e8b465ee728b)
Start importing Assets/Art/rvros-adventurer/Individual Sprites/adventurer-bow-02.png using Guid(45b9de990c2d6304e9e7f8b1e94dda27) Importer(815301076,1909f56bfc062723c751e8b465ee728b) (PreviewImporter) -> (artifact id: '5164ecc61f583fb459188ac28487003d') in 0.0205741 seconds
Number of updated asset objects reloaded before import = 0Number of asset objects unloaded after import = 2

========================================================================
Received Import Request.
  Time since last request: 0.000024 seconds.
  path: Assets/Art/rvros-adventurer/Individual Sprites/adventurer-attack1-02.png
  artifactKey: Guid(8f40dfaf7944aa34ea42ced134687bdc) Importer(815301076,1909f56bfc062723c751e8b465ee728b)
Start importing Assets/Art/rvros-adventurer/Individual Sprites/adventurer-attack1-02.png using Guid(8f40dfaf7944aa34ea42ced134687bdc) Importer(815301076,1909f56bfc062723c751e8b465ee728b) (PreviewImporter) -> (artifact id: '3cb43898e0fed02a78e484fa7a2f0fab') in 0.027297 seconds
Number of updated asset objects reloaded before import = 0Number of asset objects unloaded after import = 2

========================================================================
Received Import Request.
  Time since last request: 0.000027 seconds.
  path: Assets/Art/rvros-adventurer/Individual Sprites/adventurer-air-attack2-01.png
  artifactKey: Guid(130c17273581f3044aaa82a58395dea1) Importer(815301076,1909f56bfc062723c751e8b465ee728b)
Start importing Assets/Art/rvros-adventurer/Individual Sprites/adventurer-air-attack2-01.png using Guid(130c17273581f3044aaa82a58395dea1) Importer(815301076,1909f56bfc062723c751e8b465ee728b) (PreviewImporter) -> (artifact id: 'e55463423b701ab6ff37f32a76d72e29') in 0.0188582 seconds
Number of updated asset objects reloaded before import = 0Number of asset objects unloaded after import = 2

========================================================================
Received Import Request.
  Time since last request: 0.000033 seconds.
  path: Assets/Art/rvros-adventurer/Individual Sprites/adventurer-air-attack2-00.png
  artifactKey: Guid(a9b77ed08375a6d429ca1d80a71528b0) Importer(815301076,1909f56bfc062723c751e8b465ee728b)
Start importing Assets/Art/rvros-adventurer/Individual Sprites/adventurer-air-attack2-00.png using Guid(a9b77ed08375a6d429ca1d80a71528b0) Importer(815301076,1909f56bfc062723c751e8b465ee728b) (PreviewImporter) -> (artifact id: '4015e1615f74590a0ea16f7d97287489') in 0.0188077 seconds
Number of updated asset objects reloaded before import = 0Number of asset objects unloaded after import = 2

========================================================================
Received Import Request.
  Time since last request: 0.000022 seconds.
  path: Assets/Art/rvros-adventurer/Individual Sprites/adventurer-attack2-01.png
  artifactKey: Guid(85824ff9c933a8d4abcfee3ca6a0cebd) Importer(815301076,1909f56bfc062723c751e8b465ee728b)
Start importing Assets/Art/rvros-adventurer/Individual Sprites/adventurer-attack2-01.png using Guid(85824ff9c933a8d4abcfee3ca6a0cebd) Importer(815301076,1909f56bfc062723c751e8b465ee728b) (PreviewImporter) -> (artifact id: '0359a302a554a6485bf5b42a6f15afd0') in 0.0245801 seconds
Number of updated asset objects reloaded before import = 0Number of asset objects unloaded after import = 2

========================================================================
Received Import Request.
  Time since last request: 0.000038 seconds.
  path: Assets/Art/rvros-adventurer/Individual Sprites/adventurer-attack1-00.png
  artifactKey: Guid(5d45486daeda2ba49bc96acfd8abbffa) Importer(815301076,1909f56bfc062723c751e8b465ee728b)
Start importing Assets/Art/rvros-adventurer/Individual Sprites/adventurer-attack1-00.png using Guid(5d45486daeda2ba49bc96acfd8abbffa) Importer(815301076,1909f56bfc062723c751e8b465ee728b) (PreviewImporter) -> (artifact id: '2b205da512183f8ab539431716c3fab4') in 0.028873 seconds
Number of updated asset objects reloaded before import = 0Number of asset objects unloaded after import = 2

========================================================================
Received Import Request.
  Time since last request: 0.000026 seconds.
  path: Assets/Art/rvros-adventurer/Individual Sprites/adventurer-attack1-04.png
  artifactKey: Guid(3a4a4f95a4e24b24d894ade9560c96ef) Importer(815301076,1909f56bfc062723c751e8b465ee728b)
Start importing Assets/Art/rvros-adventurer/Individual Sprites/adventurer-attack1-04.png using Guid(3a4a4f95a4e24b24d894ade9560c96ef) Importer(815301076,1909f56bfc062723c751e8b465ee728b) (PreviewImporter) -> (artifact id: 'ca0763dff0b0102c3be062d7e25da6af') in 0.0212957 seconds
Number of updated asset objects reloaded before import = 0Number of asset objects unloaded after import = 2

========================================================================
Received Import Request.
  Time since last request: 0.000033 seconds.
  path: Assets/Art/rvros-adventurer/Individual Sprites/adventurer-attack3-04.png
  artifactKey: Guid(6a284334ca5e07841973023bcedd6f17) Importer(815301076,1909f56bfc062723c751e8b465ee728b)
Start importing Assets/Art/rvros-adventurer/Individual Sprites/adventurer-attack3-04.png using Guid(6a284334ca5e07841973023bcedd6f17) Importer(815301076,1909f56bfc062723c751e8b465ee728b) (PreviewImporter) -> (artifact id: '406736b6f0343d278fbab594cfb6cf59') in 0.0207544 seconds
Number of updated asset objects reloaded before import = 0Number of asset objects unloaded after import = 2

========================================================================
Received Import Request.
  Time since last request: 0.000053 seconds.
  path: Assets/Art/rvros-adventurer/Individual Sprites/adventurer-attack3-02.png
  artifactKey: Guid(4aec42e6a4d3b094985d980af1d44cd9) Importer(815301076,1909f56bfc062723c751e8b465ee728b)
Start importing Assets/Art/rvros-adventurer/Individual Sprites/adventurer-attack3-02.png using Guid(4aec42e6a4d3b094985d980af1d44cd9) Importer(815301076,1909f56bfc062723c751e8b465ee728b) (PreviewImporter) -> (artifact id: '683a8bdc7251c1a0758fdf304d4e2435') in 0.0213964 seconds
Number of updated asset objects reloaded before import = 0Number of asset objects unloaded after import = 2

========================================================================
Received Import Request.
  Time since last request: 16.420454 seconds.
  path: Assets/Art/rvros-adventurer/Individual Sprites/adventurer-bow-05.png
  artifactKey: Guid(ca3554c340050db43888f5f1c2267fc6) Importer(815301076,1909f56bfc062723c751e8b465ee728b)
Start importing Assets/Art/rvros-adventurer/Individual Sprites/adventurer-bow-05.png using Guid(ca3554c340050db43888f5f1c2267fc6) Importer(815301076,1909f56bfc062723c751e8b465ee728b) (PreviewImporter) -> (artifact id: 'ae437fd8e1033790cd4a3511663e5990') in 0.0153587 seconds
Number of updated asset objects reloaded before import = 0Number of asset objects unloaded after import = 2

========================================================================
Received Import Request.
  Time since last request: 0.000027 seconds.
  path: Assets/Art/rvros-adventurer/Individual Sprites/adventurer-bow-08.png
  artifactKey: Guid(248ce5fd019fe2943ab6dba148ec6203) Importer(815301076,1909f56bfc062723c751e8b465ee728b)
Start importing Assets/Art/rvros-adventurer/Individual Sprites/adventurer-bow-08.png using Guid(248ce5fd019fe2943ab6dba148ec6203) Importer(815301076,1909f56bfc062723c751e8b465ee728b) (PreviewImporter) -> (artifact id: '71ee33ba273d6ddcf8581ad47aa382a6') in 0.0172691 seconds
Number of updated asset objects reloaded before import = 0Number of asset objects unloaded after import = 2

========================================================================
Received Import Request.
  Time since last request: 0.000039 seconds.
  path: Assets/Art/rvros-adventurer/Individual Sprites/adventurer-bow-jump-03.png
  artifactKey: Guid(448865c393c10b3449a03c5ae2e1f633) Importer(815301076,1909f56bfc062723c751e8b465ee728b)
Start importing Assets/Art/rvros-adventurer/Individual Sprites/adventurer-bow-jump-03.png using Guid(448865c393c10b3449a03c5ae2e1f633) Importer(815301076,1909f56bfc062723c751e8b465ee728b) (PreviewImporter) -> (artifact id: '9be375bff659c81e14c50e90abc4b678') in 0.0178545 seconds
Number of updated asset objects reloaded before import = 0Number of asset objects unloaded after import = 2

========================================================================
Received Import Request.
  Time since last request: 0.000024 seconds.
  path: Assets/Art/rvros-adventurer/Individual Sprites/adventurer-cast-00.png
  artifactKey: Guid(058b11a225ec5c247959747a32f4e4f6) Importer(815301076,1909f56bfc062723c751e8b465ee728b)
Start importing Assets/Art/rvros-adventurer/Individual Sprites/adventurer-cast-00.png using Guid(058b11a225ec5c247959747a32f4e4f6) Importer(815301076,1909f56bfc062723c751e8b465ee728b) (PreviewImporter) -> (artifact id: 'c43143fd825ce0650ad86f8030b725a3') in 0.0182739 seconds
Number of updated asset objects reloaded before import = 0Number of asset objects unloaded after import = 2

========================================================================
Received Import Request.
  Time since last request: 0.000026 seconds.
  path: Assets/Art/rvros-adventurer/Individual Sprites/adventurer-cast-loop-03.png
  artifactKey: Guid(22976a463aaca75459e427f92df0a651) Importer(815301076,1909f56bfc062723c751e8b465ee728b)
Start importing Assets/Art/rvros-adventurer/Individual Sprites/adventurer-cast-loop-03.png using Guid(22976a463aaca75459e427f92df0a651) Importer(815301076,1909f56bfc062723c751e8b465ee728b) (PreviewImporter) -> (artifact id: '329a5114fb376cb51b074889d1b3d79e') in 0.018919 seconds
Number of updated asset objects reloaded before import = 0Number of asset objects unloaded after import = 2

========================================================================
Received Import Request.
  Time since last request: 0.000028 seconds.
  path: Assets/Art/rvros-adventurer/Individual Sprites/adventurer-crnr-clmb-02.png
  artifactKey: Guid(e3e19e07ddccec14eab1674e90774031) Importer(815301076,1909f56bfc062723c751e8b465ee728b)
Start importing Assets/Art/rvros-adventurer/Individual Sprites/adventurer-crnr-clmb-02.png using Guid(e3e19e07ddccec14eab1674e90774031) Importer(815301076,1909f56bfc062723c751e8b465ee728b) (PreviewImporter) -> (artifact id: '53a57c068adb687a211cc06234dbeee7') in 0.0174042 seconds
Number of updated asset objects reloaded before import = 0Number of asset objects unloaded after import = 2

========================================================================
Received Import Request.
  Time since last request: 0.000020 seconds.
  path: Assets/Art/rvros-adventurer/Individual Sprites/adventurer-crnr-grb-02.png
  artifactKey: Guid(c9f3aa7015115f54395196633c1b0900) Importer(815301076,1909f56bfc062723c751e8b465ee728b)
Start importing Assets/Art/rvros-adventurer/Individual Sprites/adventurer-crnr-grb-02.png using Guid(c9f3aa7015115f54395196633c1b0900) Importer(815301076,1909f56bfc062723c751e8b465ee728b) (PreviewImporter) -> (artifact id: '8bef598ced08f5e6773c05c76b5274b2') in 0.0186164 seconds
Number of updated asset objects reloaded before import = 0Number of asset objects unloaded after import = 2

========================================================================
Received Import Request.
  Time since last request: 0.000032 seconds.
  path: Assets/Art/rvros-adventurer/Individual Sprites/adventurer-cast-03.png
  artifactKey: Guid(e239ffadd3a3711419ff02d207146e29) Importer(815301076,1909f56bfc062723c751e8b465ee728b)
Start importing Assets/Art/rvros-adventurer/Individual Sprites/adventurer-cast-03.png using Guid(e239ffadd3a3711419ff02d207146e29) Importer(815301076,1909f56bfc062723c751e8b465ee728b) (PreviewImporter) -> (artifact id: '32a21b173014a80a584ce8b077018c7b') in 0.014819 seconds
Number of updated asset objects reloaded before import = 0Number of asset objects unloaded after import = 2

========================================================================
Received Import Request.
  Time since last request: 0.000033 seconds.
  path: Assets/Art/rvros-adventurer/Individual Sprites/adventurer-crnr-jmp-01.png
  artifactKey: Guid(a33e789e160ac8b4c95b37c967264ef0) Importer(815301076,1909f56bfc062723c751e8b465ee728b)
Start importing Assets/Art/rvros-adventurer/Individual Sprites/adventurer-crnr-jmp-01.png using Guid(a33e789e160ac8b4c95b37c967264ef0) Importer(815301076,1909f56bfc062723c751e8b465ee728b) (PreviewImporter) -> (artifact id: '82d2948398f3ac1306dab363fc6e6861') in 0.0177822 seconds
Number of updated asset objects reloaded before import = 0Number of asset objects unloaded after import = 2

========================================================================
Received Import Request.
  Time since last request: 0.000026 seconds.
  path: Assets/Art/rvros-adventurer/Individual Sprites/adventurer-crouch-01.png
  artifactKey: Guid(541cdbba0cd854e459fa4a7f230cfdf6) Importer(815301076,1909f56bfc062723c751e8b465ee728b)
Start importing Assets/Art/rvros-adventurer/Individual Sprites/adventurer-crouch-01.png using Guid(541cdbba0cd854e459fa4a7f230cfdf6) Importer(815301076,1909f56bfc062723c751e8b465ee728b) (PreviewImporter) -> (artifact id: '73a955ea08aed81028d1f3c4e9137a58') in 0.0189659 seconds
Number of updated asset objects reloaded before import = 0Number of asset objects unloaded after import = 2

========================================================================
Received Import Request.
  Time since last request: 0.010436 seconds.
  path: Assets/Art/rvros-adventurer/Individual Sprites/adventurer-crouch-walk-01.png
  artifactKey: Guid(ecd643fb44414434fb2e7c5744d84d6c) Importer(815301076,1909f56bfc062723c751e8b465ee728b)
Start importing Assets/Art/rvros-adventurer/Individual Sprites/adventurer-crouch-walk-01.png using Guid(ecd643fb44414434fb2e7c5744d84d6c) Importer(815301076,1909f56bfc062723c751e8b465ee728b) (PreviewImporter) -> (artifact id: '4c8ae61b68bffd5c504e7c3a7e332bb4') in 0.0165316 seconds
Number of updated asset objects reloaded before import = 0Number of asset objects unloaded after import = 2

Editor requested this worker to shutdown with reason: Scaling down because of idle timeout
AssetImportWorker is now disconnected from the server
Process exiting
Exiting without the bug reporter. Application will terminate with return code 0