Using pre-set license
Built from '6000.0/staging' branch; Version is '6000.0.38f1 (82314a941f2d) revision 8532298'; Using compiler version '193933523'; Build Type 'Release'
OS: 'Windows 10  (10.0.19045) 64bit Core' Language: 'en' Physical Memory: 11600 MB
BatchMode: 1, IsHumanControllingUs: 0, StartBugReporterOnCrash: 0, Is64bit: 1, IsPro: 1

COMMAND LINE ARGUMENTS:
C:\Program Files\Unity\Hub\Editor\6000.0.38f1\Editor\Unity.exe
-adb2
-batchMode
-noUpm
-name
AssetImportWorker11
-projectPath
C:/Users/admin/Desktop/nexus
-logFile
Logs/AssetImportWorker11.log
-srvPort
50172
-job-worker-count
7
-background-job-worker-count
8
-gc-helper-count
1
Successfully changed project path to: C:/Users/admin/Desktop/nexus
C:/Users/admin/Desktop/nexus
[UnityMemory] Configuration Parameters - Can be set up in boot.config
    "memorysetup-bucket-allocator-granularity=16"
    "memorysetup-bucket-allocator-bucket-count=8"
    "memorysetup-bucket-allocator-block-size=33554432"
    "memorysetup-bucket-allocator-block-count=8"
    "memorysetup-main-allocator-block-size=16777216"
    "memorysetup-thread-allocator-block-size=16777216"
    "memorysetup-gfx-main-allocator-block-size=16777216"
    "memorysetup-gfx-thread-allocator-block-size=16777216"
    "memorysetup-cache-allocator-block-size=4194304"
    "memorysetup-typetree-allocator-block-size=2097152"
    "memorysetup-profiler-bucket-allocator-granularity=16"
    "memorysetup-profiler-bucket-allocator-bucket-count=8"
    "memorysetup-profiler-bucket-allocator-block-size=33554432"
    "memorysetup-profiler-bucket-allocator-block-count=8"
    "memorysetup-profiler-allocator-block-size=16777216"
    "memorysetup-profiler-editor-allocator-block-size=1048576"
    "memorysetup-temp-allocator-size-main=16777216"
    "memorysetup-job-temp-allocator-block-size=2097152"
    "memorysetup-job-temp-allocator-block-size-background=1048576"
    "memorysetup-job-temp-allocator-reduction-small-platforms=262144"
    "memorysetup-allocator-temp-initial-block-size-main=262144"
    "memorysetup-allocator-temp-initial-block-size-worker=262144"
    "memorysetup-temp-allocator-size-background-worker=32768"
    "memorysetup-temp-allocator-size-job-worker=262144"
    "memorysetup-temp-allocator-size-preload-manager=33554432"
    "memorysetup-temp-allocator-size-nav-mesh-worker=65536"
    "memorysetup-temp-allocator-size-audio-worker=65536"
    "memorysetup-temp-allocator-size-cloud-worker=32768"
    "memorysetup-temp-allocator-size-gi-baking-worker=262144"
    "memorysetup-temp-allocator-size-gi-baking-worker=262144"
    "memorysetup-temp-allocator-size-gi-baking-worker=262144"
    "memorysetup-temp-allocator-size-gi-baking-worker=262144"
    "memorysetup-temp-allocator-size-gi-baking-worker=262144"
    "memorysetup-temp-allocator-size-gfx=262144"
Player connection [11240]  Target information:

Player connection [11240]  * "[IP] 169.254.111.230 [Port] 0 [Flags] 2 [Guid] 3820132850 [EditorId] 3820132850 [Version] 1048832 [Id] WindowsEditor(7,DESKTOP-04V7QKG) [Debug] 1 [PackageName] WindowsEditor [ProjectName] Editor" 

Player connection [11240]  * "[IP] 192.168.31.8 [Port] 0 [Flags] 2 [Guid] 3820132850 [EditorId] 3820132850 [Version] 1048832 [Id] WindowsEditor(7,DESKTOP-04V7QKG) [Debug] 1 [PackageName] WindowsEditor [ProjectName] Editor" 

Player connection [11240] Host joined multi-casting on [225.0.0.222:54997]...
Player connection [11240] Host joined alternative multi-casting on [225.0.0.222:34997]...
JobSystem: Creating JobQueue using job-worker-count value 7
Input System module state changed to: Initialized.
[Physics::Module] Initialized fallback backend.
[Physics::Module] Id: 0xdecafbad
Library Redirect Path: Library/
[Physics::Module] Selected backend.
[Physics::Module] Name: PhysX
[Physics::Module] Id: 0xf2b8ea05
[Physics::Module] SDK Version: 4.1.2
[Physics::Module] Integration Version: 1.0.0
[Physics::Module] Threading Mode: Multi-Threaded
Refreshing native plugins compatible for Editor in 4.24 ms, found 5 plugins.
Preloading 0 native plugins for Editor in 0.00 ms.
Initialize engine version: 6000.0.38f1 (82314a941f2d)
[Subsystems] Discovering subsystems at path C:/Program Files/Unity/Hub/Editor/6000.0.38f1/Editor/Data/Resources/UnitySubsystems
[Subsystems] Discovering subsystems at path C:/Users/admin/Desktop/nexus/Assets
GfxDevice: creating device client; kGfxThreadingModeNonThreaded
Direct3D:
    Version:  Direct3D 11.0 [level 11.1]
    Renderer: AMD Radeon(TM) Graphics (ID=0x164c)
    Vendor:   ATI
    VRAM:     5800 MB
    Driver:   27.20.15002.6001
Initialize mono
Mono path[0] = 'C:/Program Files/Unity/Hub/Editor/6000.0.38f1/Editor/Data/Managed'
Mono path[1] = 'C:/Program Files/Unity/Hub/Editor/6000.0.38f1/Editor/Data/MonoBleedingEdge/lib/mono/unityjit-win32'
Mono config path = 'C:/Program Files/Unity/Hub/Editor/6000.0.38f1/Editor/Data/MonoBleedingEdge/etc'
Using monoOptions --debugger-agent=transport=dt_socket,embedding=1,server=y,suspend=n,address=127.0.0.1:56808
Begin MonoManager ReloadAssembly
Registering precompiled unity dll's ...
Register platform support module: C:/Program Files/Unity/Hub/Editor/6000.0.38f1/Editor/Data/PlaybackEngines/WindowsStandaloneSupport/UnityEditor.WindowsStandalone.Extensions.dll
Registered in 0.002802 seconds.
- Loaded All Assemblies, in  0.433 seconds
Native extension for WindowsStandalone target not found
Mono: successfully reloaded assembly
- Finished resetting the current domain, in  0.426 seconds
Domain Reload Profiling: 857ms
	BeginReloadAssembly (151ms)
		ExecutionOrderSort (0ms)
		DisableScriptedObjects (0ms)
		BackupInstance (0ms)
		ReleaseScriptingObjects (0ms)
		CreateAndSetChildDomain (1ms)
	RebuildCommonClasses (40ms)
	RebuildNativeTypeToScriptingClass (13ms)
	initialDomainReloadingComplete (54ms)
	LoadAllAssembliesAndSetupDomain (173ms)
		LoadAssemblies (148ms)
		RebuildTransferFunctionScriptingTraits (0ms)
		AnalyzeDomain (170ms)
			TypeCache.Refresh (168ms)
				TypeCache.ScanAssembly (155ms)
			BuildScriptInfoCaches (0ms)
			ResolveRequiredComponents (1ms)
	FinalizeReload (426ms)
		ReleaseScriptCaches (0ms)
		RebuildScriptCaches (0ms)
		SetupLoadedEditorAssemblies (374ms)
			LogAssemblyErrors (0ms)
			InitializePlatformSupportModulesInManaged (31ms)
			SetLoadedEditorAssemblies (5ms)
			BeforeProcessingInitializeOnLoad (69ms)
			ProcessInitializeOnLoadAttributes (196ms)
			ProcessInitializeOnLoadMethodAttributes (73ms)
			AfterProcessingInitializeOnLoad (0ms)
			EditorAssembliesLoaded (0ms)
		ExecutionOrderSort2 (0ms)
		AwakeInstancesAfterBackupRestoration (0ms)
Assembly reference Packages/com.unity.cinemachine/Editor/Samples/ExposeHDRPInternals/HDRP-Editor-ref.asmref has no target assembly definition
========================================================================
Worker process is ready to serve import requests
Import Worker Mode flag is 0x00
Assembly reference Packages/com.unity.cinemachine/Editor/Samples/ExposeHDRPInternals/HDRP-Editor-ref.asmref has no target assembly definition
Assembly reference Packages/com.unity.cinemachine/Editor/Samples/ExposeHDRPInternals/HDRP-Editor-ref.asmref has no target assembly definition
Begin MonoManager ReloadAssembly
- Loaded All Assemblies, in  0.980 seconds
Assembly reference Packages/com.unity.cinemachine/Editor/Samples/ExposeHDRPInternals/HDRP-Editor-ref.asmref has no target assembly definition
'Packages/com.unity.cinemachine/Editor/Obsolete/CinemachineVirtualCameraBaseEditor.cs' contains partial class of Unity.Object, exactly 1 of the partial classes needs to be in a file with the same filename. This is to know the one that can be referenced from ie. GameObjects
'Packages/com.unity.cinemachine/Editor/Editors/CinemachineVirtualCameraBaseEditor.cs' contains partial class of Unity.Object, exactly 1 of the partial classes needs to be in a file with the same filename. This is to know the one that can be referenced from ie. GameObjects
Refreshing native plugins compatible for Editor in 2.28 ms, found 5 plugins.
Native extension for WindowsStandalone target not found
Assembly reference Packages/com.unity.cinemachine/Editor/Samples/ExposeHDRPInternals/HDRP-Editor-ref.asmref has no target assembly definition
Package Manager log level set to [2]
[Package Manager] Failed to launch server process. Reason: Unity was launched with the -noUpm command-line argument
[Package Manager] Unable to send message (not connected to server process).
[Package Manager] Cannot connect to Unity Package Manager local server
Refreshing native plugins compatible for Editor in 2.42 ms, found 5 plugins.
Mono: successfully reloaded assembly
- Finished resetting the current domain, in  1.201 seconds
Domain Reload Profiling: 2176ms
	BeginReloadAssembly (187ms)
		ExecutionOrderSort (0ms)
		DisableScriptedObjects (6ms)
		BackupInstance (0ms)
		ReleaseScriptingObjects (0ms)
		CreateAndSetChildDomain (33ms)
	RebuildCommonClasses (42ms)
	RebuildNativeTypeToScriptingClass (14ms)
	initialDomainReloadingComplete (46ms)
	LoadAllAssembliesAndSetupDomain (685ms)
		LoadAssemblies (445ms)
		RebuildTransferFunctionScriptingTraits (0ms)
		AnalyzeDomain (349ms)
			TypeCache.Refresh (260ms)
				TypeCache.ScanAssembly (236ms)
			BuildScriptInfoCaches (73ms)
			ResolveRequiredComponents (13ms)
	FinalizeReload (1202ms)
		ReleaseScriptCaches (0ms)
		RebuildScriptCaches (0ms)
		SetupLoadedEditorAssemblies (943ms)
			LogAssemblyErrors (0ms)
			InitializePlatformSupportModulesInManaged (3ms)
			SetLoadedEditorAssemblies (5ms)
			BeforeProcessingInitializeOnLoad (129ms)
			ProcessInitializeOnLoadAttributes (627ms)
			ProcessInitializeOnLoadMethodAttributes (171ms)
			AfterProcessingInitializeOnLoad (6ms)
			EditorAssembliesLoaded (0ms)
		ExecutionOrderSort2 (0ms)
		AwakeInstancesAfterBackupRestoration (8ms)
Launched and connected shader compiler UnityShaderCompiler.exe after 0.01 seconds
Refreshing native plugins compatible for Editor in 2.39 ms, found 5 plugins.
Preloading 0 native plugins for Editor in 0.00 ms.
Unloading 208 Unused Serialized files (Serialized files now loaded: 0)
Unloading 7382 unused Assets / (8.2 MB). Loaded Objects now: 8013.
Memory consumption went from 178.7 MB to 170.5 MB.
Total: 15.285400 ms (FindLiveObjects: 1.205400 ms CreateObjectMapping: 1.220900 ms MarkObjects: 7.223700 ms  DeleteObjects: 5.633200 ms)

========================================================================
Received Import Request.
  Time since last request: 2183194.738877 seconds.
  path: Assets/Art/henrysoftware-freepixelfood/Food/AppleWorm.png
  artifactKey: Guid(8fa37c2c8b9bd654c96a4fae10f387a1) Importer(815301076,1909f56bfc062723c751e8b465ee728b)
Start importing Assets/Art/henrysoftware-freepixelfood/Food/AppleWorm.png using Guid(8fa37c2c8b9bd654c96a4fae10f387a1) Importer(815301076,1909f56bfc062723c751e8b465ee728b) (PreviewImporter) -> (artifact id: '0d9490975fa8f634f8f64279f043a62a') in 0.1468665 seconds
Number of updated asset objects reloaded before import = 0Number of asset objects unloaded after import = 3

========================================================================
Received Import Request.
  Time since last request: 2.142766 seconds.
  path: Assets/Art/henrysoftware-freepixelfood/Food/Cheese.png
  artifactKey: Guid(31ce55c2474361d4fab07984f18f9145) Importer(815301076,1909f56bfc062723c751e8b465ee728b)
Start importing Assets/Art/henrysoftware-freepixelfood/Food/Cheese.png using Guid(31ce55c2474361d4fab07984f18f9145) Importer(815301076,1909f56bfc062723c751e8b465ee728b) (PreviewImporter) -> (artifact id: '64afed5e55f266469c7bd5850af68200') in 0.0186385 seconds
Number of updated asset objects reloaded before import = 0Number of asset objects unloaded after import = 3

========================================================================
Received Import Request.
  Time since last request: 0.030444 seconds.
  path: Assets/Art/henrysoftware-freepixelfood/Food/Chicken.png
  artifactKey: Guid(87b0be14180e9be4681e14b64915d462) Importer(815301076,1909f56bfc062723c751e8b465ee728b)
Start importing Assets/Art/henrysoftware-freepixelfood/Food/Chicken.png using Guid(87b0be14180e9be4681e14b64915d462) Importer(815301076,1909f56bfc062723c751e8b465ee728b) (PreviewImporter) -> (artifact id: '356c8485d9eaf395e6c8487d324e715a') in 0.0185186 seconds
Number of updated asset objects reloaded before import = 0Number of asset objects unloaded after import = 3

========================================================================
Received Import Request.
  Time since last request: 0.070253 seconds.
  path: Assets/Art/henrysoftware-freepixelfood/Food/Cookie.png
  artifactKey: Guid(ecfc905a2597f014695bcc25207a2010) Importer(815301076,1909f56bfc062723c751e8b465ee728b)
Start importing Assets/Art/henrysoftware-freepixelfood/Food/Cookie.png using Guid(ecfc905a2597f014695bcc25207a2010) Importer(815301076,1909f56bfc062723c751e8b465ee728b) (PreviewImporter) -> (artifact id: '7cba900ce6c85d0dd72b4613cc1d0381') in 0.020543 seconds
Number of updated asset objects reloaded before import = 0Number of asset objects unloaded after import = 3

========================================================================
Received Import Request.
  Time since last request: 0.063903 seconds.
  path: Assets/Art/henrysoftware-freepixelfood/Food/Eggplant.png
  artifactKey: Guid(b4c9f99162deca84ebc6c689c9df3de9) Importer(815301076,1909f56bfc062723c751e8b465ee728b)
Start importing Assets/Art/henrysoftware-freepixelfood/Food/Eggplant.png using Guid(b4c9f99162deca84ebc6c689c9df3de9) Importer(815301076,1909f56bfc062723c751e8b465ee728b) (PreviewImporter) -> (artifact id: 'f3b72807f1a690277b6828d31fdf155a') in 0.0216747 seconds
Number of updated asset objects reloaded before import = 0Number of asset objects unloaded after import = 3

========================================================================
Received Import Request.
  Time since last request: 0.260417 seconds.
  path: Assets/Art/henrysoftware-freepixelfood/Food/Fish.png
  artifactKey: Guid(9008780582d3efe4fb4acfc2a510a77d) Importer(815301076,1909f56bfc062723c751e8b465ee728b)
Start importing Assets/Art/henrysoftware-freepixelfood/Food/Fish.png using Guid(9008780582d3efe4fb4acfc2a510a77d) Importer(815301076,1909f56bfc062723c751e8b465ee728b) (PreviewImporter) -> (artifact id: 'aecf69372f12e2f5d9ce415229785d4f') in 0.0180985 seconds
Number of updated asset objects reloaded before import = 0Number of asset objects unloaded after import = 3

========================================================================
Received Import Request.
  Time since last request: 0.003665 seconds.
  path: Assets/Art/henrysoftware-freepixelfood/Food/FishSteak.png
  artifactKey: Guid(e340efa915ac807489393b116994f002) Importer(815301076,1909f56bfc062723c751e8b465ee728b)
Start importing Assets/Art/henrysoftware-freepixelfood/Food/FishSteak.png using Guid(e340efa915ac807489393b116994f002) Importer(815301076,1909f56bfc062723c751e8b465ee728b) (PreviewImporter) -> (artifact id: '6d46bf0cd3169a88176d6400410cc36f') in 0.0208575 seconds
Number of updated asset objects reloaded before import = 0Number of asset objects unloaded after import = 3

========================================================================
Received Import Request.
  Time since last request: 0.000022 seconds.
  path: Assets/Art/henrysoftware-freepixelfood/Food/Honey.png
  artifactKey: Guid(213d37f2675510c44ad06fb526cd48f5) Importer(815301076,1909f56bfc062723c751e8b465ee728b)
Start importing Assets/Art/henrysoftware-freepixelfood/Food/Honey.png using Guid(213d37f2675510c44ad06fb526cd48f5) Importer(815301076,1909f56bfc062723c751e8b465ee728b) (PreviewImporter) -> (artifact id: '18dbb06bc4756019c7d71284591c1098') in 0.0210452 seconds
Number of updated asset objects reloaded before import = 0Number of asset objects unloaded after import = 3

========================================================================
Received Import Request.
  Time since last request: 0.000032 seconds.
  path: Assets/Art/henrysoftware-freepixelfood/Food/Jerky.png
  artifactKey: Guid(64ab12e2260f05640b720a6cb7430a4c) Importer(815301076,1909f56bfc062723c751e8b465ee728b)
Start importing Assets/Art/henrysoftware-freepixelfood/Food/Jerky.png using Guid(64ab12e2260f05640b720a6cb7430a4c) Importer(815301076,1909f56bfc062723c751e8b465ee728b) (PreviewImporter) -> (artifact id: '6215e6836f5acfd95fb99ffa35cd0434') in 0.0174446 seconds
Number of updated asset objects reloaded before import = 0Number of asset objects unloaded after import = 3

========================================================================
Received Import Request.
  Time since last request: 0.195602 seconds.
  path: Assets/Art/henrysoftware-freepixelfood/Food/Marmalade.png
  artifactKey: Guid(4f05b20a28cd0394a9dfe5ad2dd89981) Importer(815301076,1909f56bfc062723c751e8b465ee728b)
Start importing Assets/Art/henrysoftware-freepixelfood/Food/Marmalade.png using Guid(4f05b20a28cd0394a9dfe5ad2dd89981) Importer(815301076,1909f56bfc062723c751e8b465ee728b) (PreviewImporter) -> (artifact id: 'a2179bd7dd124a3a40f38b879ef79021') in 0.0183767 seconds
Number of updated asset objects reloaded before import = 0Number of asset objects unloaded after import = 3

========================================================================
Received Import Request.
  Time since last request: 0.000031 seconds.
  path: Assets/Art/henrysoftware-freepixelfood/Food/MelonWater.png
  artifactKey: Guid(8570c189a28e22145ac611fc417acd64) Importer(815301076,1909f56bfc062723c751e8b465ee728b)
Start importing Assets/Art/henrysoftware-freepixelfood/Food/MelonWater.png using Guid(8570c189a28e22145ac611fc417acd64) Importer(815301076,1909f56bfc062723c751e8b465ee728b) (PreviewImporter) -> (artifact id: '2dacc1c1fe68ab7eabd58f599e40f465') in 0.0217315 seconds
Number of updated asset objects reloaded before import = 0Number of asset objects unloaded after import = 3

========================================================================
Received Import Request.
  Time since last request: 0.000029 seconds.
  path: Assets/Art/henrysoftware-freepixelfood/Food/Onion.png
  artifactKey: Guid(8fdcf9a56ea7d8a4fb2f76292efe48bf) Importer(815301076,1909f56bfc062723c751e8b465ee728b)
Start importing Assets/Art/henrysoftware-freepixelfood/Food/Onion.png using Guid(8fdcf9a56ea7d8a4fb2f76292efe48bf) Importer(815301076,1909f56bfc062723c751e8b465ee728b) (PreviewImporter) -> (artifact id: '6665e03e32b1faa78ac688221ee83ba4') in 0.0227012 seconds
Number of updated asset objects reloaded before import = 0Number of asset objects unloaded after import = 3

========================================================================
Received Import Request.
  Time since last request: 0.216576 seconds.
  path: Assets/Art/henrysoftware-freepixelfood/Food/PepperRed.png
  artifactKey: Guid(0699585d82b9b5f49bee6abb309077c4) Importer(815301076,1909f56bfc062723c751e8b465ee728b)
Start importing Assets/Art/henrysoftware-freepixelfood/Food/PepperRed.png using Guid(0699585d82b9b5f49bee6abb309077c4) Importer(815301076,1909f56bfc062723c751e8b465ee728b) (PreviewImporter) -> (artifact id: 'dc542e6b58a1d0ad782c2ec71ee0986e') in 0.0199287 seconds
Number of updated asset objects reloaded before import = 0Number of asset objects unloaded after import = 3

========================================================================
Received Import Request.
  Time since last request: 0.000030 seconds.
  path: Assets/Art/henrysoftware-freepixelfood/Food/PieApple.png
  artifactKey: Guid(849b5da8cd3dc0a428bc921c66b6f435) Importer(815301076,1909f56bfc062723c751e8b465ee728b)
Start importing Assets/Art/henrysoftware-freepixelfood/Food/PieApple.png using Guid(849b5da8cd3dc0a428bc921c66b6f435) Importer(815301076,1909f56bfc062723c751e8b465ee728b) (PreviewImporter) -> (artifact id: '838e4570bd52efc47c3a0df2c2e17ddb') in 0.0251072 seconds
Number of updated asset objects reloaded before import = 0Number of asset objects unloaded after import = 3

========================================================================
Received Import Request.
  Time since last request: 0.000028 seconds.
  path: Assets/Art/luizmelo-monsters-creaturs-fantasy/All Characters.png
  artifactKey: Guid(28817b05a01ae3b44ad4195dfe138390) Importer(815301076,1909f56bfc062723c751e8b465ee728b)
Start importing Assets/Art/luizmelo-monsters-creaturs-fantasy/All Characters.png using Guid(28817b05a01ae3b44ad4195dfe138390) Importer(815301076,1909f56bfc062723c751e8b465ee728b) (PreviewImporter) -> (artifact id: 'b23fc44a79944d0fefc835423d625ec0') in 0.0310282 seconds
Number of updated asset objects reloaded before import = 0Number of asset objects unloaded after import = 3

========================================================================
Received Import Request.
  Time since last request: 0.170940 seconds.
  path: Assets/Art/kyrises-rpg-icon-pack/spritesheet/spritesheet_32x32.png
  artifactKey: Guid(e91d4e37a988bef4abd664de12085afb) Importer(815301076,1909f56bfc062723c751e8b465ee728b)
Start importing Assets/Art/kyrises-rpg-icon-pack/spritesheet/spritesheet_32x32.png using Guid(e91d4e37a988bef4abd664de12085afb) Importer(815301076,1909f56bfc062723c751e8b465ee728b) (PreviewImporter) -> (artifact id: '5d44601e5b7ef0069532b41b6e81836c') in 0.0264684 seconds
Number of updated asset objects reloaded before import = 0Number of asset objects unloaded after import = 3

========================================================================
Received Import Request.
  Time since last request: 0.052323 seconds.
  path: Assets/Art/rvros-adventurer/adventurer-v1.5-Sheet.png
  artifactKey: Guid(edd3dd71cec8d7744a836cab2619323d) Importer(815301076,1909f56bfc062723c751e8b465ee728b)
Start importing Assets/Art/rvros-adventurer/adventurer-v1.5-Sheet.png using Guid(edd3dd71cec8d7744a836cab2619323d) Importer(815301076,1909f56bfc062723c751e8b465ee728b) (PreviewImporter) -> (artifact id: '5493696a439fc4b520c0e6d073ef6181') in 0.0343883 seconds
Number of updated asset objects reloaded before import = 0Number of asset objects unloaded after import = 3

========================================================================
Received Import Request.
  Time since last request: 0.194146 seconds.
  path: Assets/Art/henrysoftware-freepixelfood/Food/Roll.png
  artifactKey: Guid(1f652ffe06272fe4c86995d3781d605b) Importer(815301076,1909f56bfc062723c751e8b465ee728b)
Start importing Assets/Art/henrysoftware-freepixelfood/Food/Roll.png using Guid(1f652ffe06272fe4c86995d3781d605b) Importer(815301076,1909f56bfc062723c751e8b465ee728b) (PreviewImporter) -> (artifact id: '8686fda15b1d3833e4a7ddf236c0deac') in 0.0174238 seconds
Number of updated asset objects reloaded before import = 0Number of asset objects unloaded after import = 3

========================================================================
Received Import Request.
  Time since last request: 0.038705 seconds.
  path: Assets/Art/henrysoftware-freepixelfood/Food/Sausages.png
  artifactKey: Guid(2e2e2cb35cfe6204f950748a41ee838e) Importer(815301076,1909f56bfc062723c751e8b465ee728b)
Start importing Assets/Art/henrysoftware-freepixelfood/Food/Sausages.png using Guid(2e2e2cb35cfe6204f950748a41ee838e) Importer(815301076,1909f56bfc062723c751e8b465ee728b) (PreviewImporter) -> (artifact id: '5aa809b69a77c3a0056a29f11ca6088f') in 0.0204762 seconds
Number of updated asset objects reloaded before import = 0Number of asset objects unloaded after import = 3

========================================================================
Received Import Request.
  Time since last request: 0.000046 seconds.
  path: Assets/Art/henrysoftware-freepixelfood/Food/Stein.png
  artifactKey: Guid(476e92035edc51449bd19d577ba6eb7a) Importer(815301076,1909f56bfc062723c751e8b465ee728b)
Start importing Assets/Art/henrysoftware-freepixelfood/Food/Stein.png using Guid(476e92035edc51449bd19d577ba6eb7a) Importer(815301076,1909f56bfc062723c751e8b465ee728b) (PreviewImporter) -> (artifact id: 'fdba63be5948ad87578d3cd2d50d71cd') in 0.0201699 seconds
Number of updated asset objects reloaded before import = 0Number of asset objects unloaded after import = 3

