Using pre-set license
Built from '6000.0/staging' branch; Version is '6000.0.38f1 (82314a941f2d) revision 8532298'; Using compiler version '193933523'; Build Type 'Release'
OS: 'Windows 10  (10.0.19045) 64bit Core' Language: 'en' Physical Memory: 11600 MB
BatchMode: 1, IsHumanControllingUs: 0, StartBugReporterOnCrash: 0, Is64bit: 1, IsPro: 1

COMMAND LINE ARGUMENTS:
C:\Program Files\Unity\Hub\Editor\6000.0.38f1\Editor\Unity.exe
-adb2
-batchMode
-noUpm
-name
AssetImportWorker1
-projectPath
C:/Users/admin/Desktop/nexus
-logFile
Logs/AssetImportWorker1.log
-srvPort
52160
-job-worker-count
7
-background-job-worker-count
8
-gc-helper-count
1
Successfully changed project path to: C:/Users/admin/Desktop/nexus
C:/Users/admin/Desktop/nexus
[UnityMemory] Configuration Parameters - Can be set up in boot.config
    "memorysetup-bucket-allocator-granularity=16"
    "memorysetup-bucket-allocator-bucket-count=8"
    "memorysetup-bucket-allocator-block-size=33554432"
    "memorysetup-bucket-allocator-block-count=8"
    "memorysetup-main-allocator-block-size=16777216"
    "memorysetup-thread-allocator-block-size=16777216"
    "memorysetup-gfx-main-allocator-block-size=16777216"
    "memorysetup-gfx-thread-allocator-block-size=16777216"
    "memorysetup-cache-allocator-block-size=4194304"
    "memorysetup-typetree-allocator-block-size=2097152"
    "memorysetup-profiler-bucket-allocator-granularity=16"
    "memorysetup-profiler-bucket-allocator-bucket-count=8"
    "memorysetup-profiler-bucket-allocator-block-size=33554432"
    "memorysetup-profiler-bucket-allocator-block-count=8"
    "memorysetup-profiler-allocator-block-size=16777216"
    "memorysetup-profiler-editor-allocator-block-size=1048576"
    "memorysetup-temp-allocator-size-main=16777216"
    "memorysetup-job-temp-allocator-block-size=2097152"
    "memorysetup-job-temp-allocator-block-size-background=1048576"
    "memorysetup-job-temp-allocator-reduction-small-platforms=262144"
    "memorysetup-allocator-temp-initial-block-size-main=262144"
    "memorysetup-allocator-temp-initial-block-size-worker=262144"
    "memorysetup-temp-allocator-size-background-worker=32768"
    "memorysetup-temp-allocator-size-job-worker=262144"
    "memorysetup-temp-allocator-size-preload-manager=33554432"
    "memorysetup-temp-allocator-size-nav-mesh-worker=65536"
    "memorysetup-temp-allocator-size-audio-worker=65536"
    "memorysetup-temp-allocator-size-cloud-worker=32768"
    "memorysetup-temp-allocator-size-gi-baking-worker=262144"
    "memorysetup-temp-allocator-size-gi-baking-worker=262144"
    "memorysetup-temp-allocator-size-gi-baking-worker=262144"
    "memorysetup-temp-allocator-size-gi-baking-worker=262144"
    "memorysetup-temp-allocator-size-gi-baking-worker=262144"
    "memorysetup-temp-allocator-size-gfx=262144"
Player connection [11372]  Target information:

Player connection [11372]  * "[IP] 169.254.111.230 [Port] 0 [Flags] 2 [Guid] 3466465130 [EditorId] 3466465130 [Version] 1048832 [Id] WindowsEditor(7,DESKTOP-04V7QKG) [Debug] 1 [PackageName] WindowsEditor [ProjectName] Editor" 

Player connection [11372]  * "[IP] 192.168.31.8 [Port] 0 [Flags] 2 [Guid] 3466465130 [EditorId] 3466465130 [Version] 1048832 [Id] WindowsEditor(7,DESKTOP-04V7QKG) [Debug] 1 [PackageName] WindowsEditor [ProjectName] Editor" 

Player connection [11372] Host joined multi-casting on [225.0.0.222:54997]...
Player connection [11372] Host joined alternative multi-casting on [225.0.0.222:34997]...
JobSystem: Creating JobQueue using job-worker-count value 7
Input System module state changed to: Initialized.
[Physics::Module] Initialized fallback backend.
[Physics::Module] Id: 0xdecafbad
Library Redirect Path: Library/
[Physics::Module] Selected backend.
[Physics::Module] Name: PhysX
[Physics::Module] Id: 0xf2b8ea05
[Physics::Module] SDK Version: 4.1.2
[Physics::Module] Integration Version: 1.0.0
[Physics::Module] Threading Mode: Multi-Threaded
Refreshing native plugins compatible for Editor in 3.42 ms, found 5 plugins.
Preloading 0 native plugins for Editor in 0.00 ms.
Initialize engine version: 6000.0.38f1 (82314a941f2d)
[Subsystems] Discovering subsystems at path C:/Program Files/Unity/Hub/Editor/6000.0.38f1/Editor/Data/Resources/UnitySubsystems
[Subsystems] Discovering subsystems at path C:/Users/admin/Desktop/nexus/Assets
GfxDevice: creating device client; kGfxThreadingModeNonThreaded
Direct3D:
    Version:  Direct3D 11.0 [level 11.1]
    Renderer: AMD Radeon(TM) Graphics (ID=0x164c)
    Vendor:   ATI
    VRAM:     5800 MB
    Driver:   27.20.15002.6001
Initialize mono
Mono path[0] = 'C:/Program Files/Unity/Hub/Editor/6000.0.38f1/Editor/Data/Managed'
Mono path[1] = 'C:/Program Files/Unity/Hub/Editor/6000.0.38f1/Editor/Data/MonoBleedingEdge/lib/mono/unityjit-win32'
Mono config path = 'C:/Program Files/Unity/Hub/Editor/6000.0.38f1/Editor/Data/MonoBleedingEdge/etc'
Using monoOptions --debugger-agent=transport=dt_socket,embedding=1,server=y,suspend=n,address=127.0.0.1:56840
Begin MonoManager ReloadAssembly
Registering precompiled unity dll's ...
Register platform support module: C:/Program Files/Unity/Hub/Editor/6000.0.38f1/Editor/Data/PlaybackEngines/WindowsStandaloneSupport/UnityEditor.WindowsStandalone.Extensions.dll
Registered in 0.003283 seconds.
- Loaded All Assemblies, in  0.472 seconds
Native extension for WindowsStandalone target not found
Mono: successfully reloaded assembly
- Finished resetting the current domain, in  0.434 seconds
Domain Reload Profiling: 903ms
	BeginReloadAssembly (151ms)
		ExecutionOrderSort (0ms)
		DisableScriptedObjects (0ms)
		BackupInstance (0ms)
		ReleaseScriptingObjects (0ms)
		CreateAndSetChildDomain (1ms)
	RebuildCommonClasses (44ms)
	RebuildNativeTypeToScriptingClass (15ms)
	initialDomainReloadingComplete (56ms)
	LoadAllAssembliesAndSetupDomain (203ms)
		LoadAssemblies (148ms)
		RebuildTransferFunctionScriptingTraits (0ms)
		AnalyzeDomain (198ms)
			TypeCache.Refresh (196ms)
				TypeCache.ScanAssembly (180ms)
			BuildScriptInfoCaches (0ms)
			ResolveRequiredComponents (1ms)
	FinalizeReload (434ms)
		ReleaseScriptCaches (0ms)
		RebuildScriptCaches (0ms)
		SetupLoadedEditorAssemblies (376ms)
			LogAssemblyErrors (0ms)
			InitializePlatformSupportModulesInManaged (36ms)
			SetLoadedEditorAssemblies (6ms)
			BeforeProcessingInitializeOnLoad (69ms)
			ProcessInitializeOnLoadAttributes (198ms)
			ProcessInitializeOnLoadMethodAttributes (67ms)
			AfterProcessingInitializeOnLoad (0ms)
			EditorAssembliesLoaded (0ms)
		ExecutionOrderSort2 (0ms)
		AwakeInstancesAfterBackupRestoration (0ms)
Assembly reference Packages/com.unity.cinemachine/Editor/Samples/ExposeHDRPInternals/HDRP-Editor-ref.asmref has no target assembly definition
========================================================================
Worker process is ready to serve import requests
Import Worker Mode flag is 0x00
Assembly reference Packages/com.unity.cinemachine/Editor/Samples/ExposeHDRPInternals/HDRP-Editor-ref.asmref has no target assembly definition
Assembly reference Packages/com.unity.cinemachine/Editor/Samples/ExposeHDRPInternals/HDRP-Editor-ref.asmref has no target assembly definition
Begin MonoManager ReloadAssembly
- Loaded All Assemblies, in  0.997 seconds
Assembly reference Packages/com.unity.cinemachine/Editor/Samples/ExposeHDRPInternals/HDRP-Editor-ref.asmref has no target assembly definition
'Packages/com.unity.cinemachine/Editor/Obsolete/CinemachineVirtualCameraBaseEditor.cs' contains partial class of Unity.Object, exactly 1 of the partial classes needs to be in a file with the same filename. This is to know the one that can be referenced from ie. GameObjects
'Packages/com.unity.cinemachine/Editor/Editors/CinemachineVirtualCameraBaseEditor.cs' contains partial class of Unity.Object, exactly 1 of the partial classes needs to be in a file with the same filename. This is to know the one that can be referenced from ie. GameObjects
Refreshing native plugins compatible for Editor in 2.51 ms, found 5 plugins.
Native extension for WindowsStandalone target not found
Assembly reference Packages/com.unity.cinemachine/Editor/Samples/ExposeHDRPInternals/HDRP-Editor-ref.asmref has no target assembly definition
Package Manager log level set to [2]
[Package Manager] Failed to launch server process. Reason: Unity was launched with the -noUpm command-line argument
[Package Manager] Unable to send message (not connected to server process).
[Package Manager] Cannot connect to Unity Package Manager local server
Refreshing native plugins compatible for Editor in 2.37 ms, found 5 plugins.
Mono: successfully reloaded assembly
- Finished resetting the current domain, in  1.158 seconds
Domain Reload Profiling: 2150ms
	BeginReloadAssembly (208ms)
		ExecutionOrderSort (0ms)
		DisableScriptedObjects (7ms)
		BackupInstance (0ms)
		ReleaseScriptingObjects (0ms)
		CreateAndSetChildDomain (40ms)
	RebuildCommonClasses (44ms)
	RebuildNativeTypeToScriptingClass (15ms)
	initialDomainReloadingComplete (46ms)
	LoadAllAssembliesAndSetupDomain (678ms)
		LoadAssemblies (483ms)
		RebuildTransferFunctionScriptingTraits (0ms)
		AnalyzeDomain (319ms)
			TypeCache.Refresh (235ms)
				TypeCache.ScanAssembly (217ms)
			BuildScriptInfoCaches (67ms)
			ResolveRequiredComponents (13ms)
	FinalizeReload (1158ms)
		ReleaseScriptCaches (0ms)
		RebuildScriptCaches (0ms)
		SetupLoadedEditorAssemblies (976ms)
			LogAssemblyErrors (0ms)
			InitializePlatformSupportModulesInManaged (3ms)
			SetLoadedEditorAssemblies (6ms)
			BeforeProcessingInitializeOnLoad (135ms)
			ProcessInitializeOnLoadAttributes (670ms)
			ProcessInitializeOnLoadMethodAttributes (158ms)
			AfterProcessingInitializeOnLoad (5ms)
			EditorAssembliesLoaded (0ms)
		ExecutionOrderSort2 (0ms)
		AwakeInstancesAfterBackupRestoration (8ms)
Launched and connected shader compiler UnityShaderCompiler.exe after 0.01 seconds
Refreshing native plugins compatible for Editor in 2.54 ms, found 5 plugins.
Preloading 0 native plugins for Editor in 0.00 ms.
Unloading 208 Unused Serialized files (Serialized files now loaded: 0)
Unloading 7382 unused Assets / (8.2 MB). Loaded Objects now: 8013.
Memory consumption went from 178.6 MB to 170.4 MB.
Total: 17.465000 ms (FindLiveObjects: 1.033800 ms CreateObjectMapping: 1.250300 ms MarkObjects: 8.482900 ms  DeleteObjects: 6.694600 ms)

========================================================================
Received Import Request.
  Time since last request: 2183521.950657 seconds.
  path: Assets/Art/freecuteileset/BG3.png
  artifactKey: Guid(df169a181a2e757469083b3fd8fb775c) Importer(815301076,1909f56bfc062723c751e8b465ee728b)
Start importing Assets/Art/freecuteileset/BG3.png using Guid(df169a181a2e757469083b3fd8fb775c) Importer(815301076,1909f56bfc062723c751e8b465ee728b) (PreviewImporter) -> (artifact id: 'af6e4c03d566d7248b445828a15ea2f9') in 0.1484498 seconds
Number of updated asset objects reloaded before import = 0Number of asset objects unloaded after import = 3

========================================================================
Received Import Request.
  Time since last request: 0.000040 seconds.
  path: Assets/Art/freecuteileset/ExampleTiles.png
  artifactKey: Guid(b201130a27278954db6aaface3ed39db) Importer(815301076,1909f56bfc062723c751e8b465ee728b)
Start importing Assets/Art/freecuteileset/ExampleTiles.png using Guid(b201130a27278954db6aaface3ed39db) Importer(815301076,1909f56bfc062723c751e8b465ee728b) (PreviewImporter) -> (artifact id: '0494e3215b42b19d4b0f670bc12ebcce') in 0.0208792 seconds
Number of updated asset objects reloaded before import = 0Number of asset objects unloaded after import = 3

========================================================================
Received Import Request.
  Time since last request: 494.117353 seconds.
  path: Assets/Art/rvros-adventurer/adventurer-Sheet.png
  artifactKey: Guid(35db0eb4b40981340b47699db40667be) Importer(815301076,1909f56bfc062723c751e8b465ee728b)
Start importing Assets/Art/rvros-adventurer/adventurer-Sheet.png using Guid(35db0eb4b40981340b47699db40667be) Importer(815301076,1909f56bfc062723c751e8b465ee728b) (PreviewImporter) -> (artifact id: 'caf8fbb327a6cde3de093f2abb148945') in 0.0203307 seconds
Number of updated asset objects reloaded before import = 0Number of asset objects unloaded after import = 2

========================================================================
Received Import Request.
  Time since last request: 2.145432 seconds.
  path: Assets/Art/rvros-adventurer/Individual Sprites/adventurer-air-attack-3-end-01.png
  artifactKey: Guid(ec8f281c19e91cb42985899f2cc71e50) Importer(815301076,1909f56bfc062723c751e8b465ee728b)
Start importing Assets/Art/rvros-adventurer/Individual Sprites/adventurer-air-attack-3-end-01.png using Guid(ec8f281c19e91cb42985899f2cc71e50) Importer(815301076,1909f56bfc062723c751e8b465ee728b) (PreviewImporter) -> (artifact id: '1e85ad293b817c9e8811ead9a84ae5c4') in 0.0148516 seconds
Number of updated asset objects reloaded before import = 0Number of asset objects unloaded after import = 2

========================================================================
Received Import Request.
  Time since last request: 0.000021 seconds.
  path: Assets/Art/rvros-adventurer/Individual Sprites/adventurer-air-attack1-00.png
  artifactKey: Guid(b3acc41a126f07647b0cac9f35a681f0) Importer(815301076,1909f56bfc062723c751e8b465ee728b)
Start importing Assets/Art/rvros-adventurer/Individual Sprites/adventurer-air-attack1-00.png using Guid(b3acc41a126f07647b0cac9f35a681f0) Importer(815301076,1909f56bfc062723c751e8b465ee728b) (PreviewImporter) -> (artifact id: '827570c9a4961edd55fbdcc8a9437e35') in 0.0190905 seconds
Number of updated asset objects reloaded before import = 0Number of asset objects unloaded after import = 2

========================================================================
Received Import Request.
  Time since last request: 0.000027 seconds.
  path: Assets/Art/rvros-adventurer/Individual Sprites/adventurer-air-attack1-01.png
  artifactKey: Guid(2916f39d93525974a81ff13fe42ce5ef) Importer(815301076,1909f56bfc062723c751e8b465ee728b)
Start importing Assets/Art/rvros-adventurer/Individual Sprites/adventurer-air-attack1-01.png using Guid(2916f39d93525974a81ff13fe42ce5ef) Importer(815301076,1909f56bfc062723c751e8b465ee728b) (PreviewImporter) -> (artifact id: '6372fa2454f37b849995792c679974d3') in 0.0173864 seconds
Number of updated asset objects reloaded before import = 0Number of asset objects unloaded after import = 2

========================================================================
Received Import Request.
  Time since last request: 0.000044 seconds.
  path: Assets/Art/rvros-adventurer/Individual Sprites/adventurer-air-attack3-loop-01.png
  artifactKey: Guid(020f1986b077526449f231e43f8f8fc5) Importer(815301076,1909f56bfc062723c751e8b465ee728b)
Start importing Assets/Art/rvros-adventurer/Individual Sprites/adventurer-air-attack3-loop-01.png using Guid(020f1986b077526449f231e43f8f8fc5) Importer(815301076,1909f56bfc062723c751e8b465ee728b) (PreviewImporter) -> (artifact id: 'c09f8229cdc3c28092c6b4df5123d7a1') in 0.0169582 seconds
Number of updated asset objects reloaded before import = 0Number of asset objects unloaded after import = 2

========================================================================
Received Import Request.
  Time since last request: 0.000022 seconds.
  path: Assets/Art/rvros-adventurer/Individual Sprites/adventurer-air-attack3-loop-00.png
  artifactKey: Guid(77e263e92fcaab9419aa4dbbea1b0cf7) Importer(815301076,1909f56bfc062723c751e8b465ee728b)
Start importing Assets/Art/rvros-adventurer/Individual Sprites/adventurer-air-attack3-loop-00.png using Guid(77e263e92fcaab9419aa4dbbea1b0cf7) Importer(815301076,1909f56bfc062723c751e8b465ee728b) (PreviewImporter) -> (artifact id: 'd9717e4fe3ea49c89881995908b8bd6e') in 0.0178604 seconds
Number of updated asset objects reloaded before import = 0Number of asset objects unloaded after import = 2

========================================================================
Received Import Request.
  Time since last request: 0.000021 seconds.
  path: Assets/Art/rvros-adventurer/Individual Sprites/adventurer-attack2-00.png
  artifactKey: Guid(669bd7409d2b9f94d9454238479d0359) Importer(815301076,1909f56bfc062723c751e8b465ee728b)
Start importing Assets/Art/rvros-adventurer/Individual Sprites/adventurer-attack2-00.png using Guid(669bd7409d2b9f94d9454238479d0359) Importer(815301076,1909f56bfc062723c751e8b465ee728b) (PreviewImporter) -> (artifact id: 'a85158f87c0559b2bfc0a79314e17bdf') in 0.0171512 seconds
Number of updated asset objects reloaded before import = 0Number of asset objects unloaded after import = 2

========================================================================
Received Import Request.
  Time since last request: 0.000025 seconds.
  path: Assets/Art/rvros-adventurer/Individual Sprites/adventurer-attack3-01.png
  artifactKey: Guid(8b9327f0df060634c975837e6e5177fd) Importer(815301076,1909f56bfc062723c751e8b465ee728b)
Start importing Assets/Art/rvros-adventurer/Individual Sprites/adventurer-attack3-01.png using Guid(8b9327f0df060634c975837e6e5177fd) Importer(815301076,1909f56bfc062723c751e8b465ee728b) (PreviewImporter) -> (artifact id: 'd09f1dbdff8c3f1830416dff9fbdcd18') in 0.0161264 seconds
Number of updated asset objects reloaded before import = 0Number of asset objects unloaded after import = 2

========================================================================
Received Import Request.
  Time since last request: 0.000025 seconds.
  path: Assets/Art/rvros-adventurer/Individual Sprites/adventurer-attack3-05.png
  artifactKey: Guid(7725cb067386f2b4b945b80ad1ce8a36) Importer(815301076,1909f56bfc062723c751e8b465ee728b)
Start importing Assets/Art/rvros-adventurer/Individual Sprites/adventurer-attack3-05.png using Guid(7725cb067386f2b4b945b80ad1ce8a36) Importer(815301076,1909f56bfc062723c751e8b465ee728b) (PreviewImporter) -> (artifact id: '1d7032d72da6e05ac68767dd080acdc2') in 0.0239164 seconds
Number of updated asset objects reloaded before import = 0Number of asset objects unloaded after import = 2

========================================================================
Received Import Request.
  Time since last request: 0.000040 seconds.
  path: Assets/Art/rvros-adventurer/Individual Sprites/adventurer-attack2-04.png
  artifactKey: Guid(c728baa9ca9e1474e86fbc81380cd214) Importer(815301076,1909f56bfc062723c751e8b465ee728b)
Start importing Assets/Art/rvros-adventurer/Individual Sprites/adventurer-attack2-04.png using Guid(c728baa9ca9e1474e86fbc81380cd214) Importer(815301076,1909f56bfc062723c751e8b465ee728b) (PreviewImporter) -> (artifact id: 'de83cf3fa4878552783f6e04df0a5f84') in 0.0205061 seconds
Number of updated asset objects reloaded before import = 0Number of asset objects unloaded after import = 2

========================================================================
Received Import Request.
  Time since last request: 0.000035 seconds.
  path: Assets/Art/rvros-adventurer/Individual Sprites/adventurer-attack2-03.png
  artifactKey: Guid(2a844e6898695394095c8134bd829c6b) Importer(815301076,1909f56bfc062723c751e8b465ee728b)
Start importing Assets/Art/rvros-adventurer/Individual Sprites/adventurer-attack2-03.png using Guid(2a844e6898695394095c8134bd829c6b) Importer(815301076,1909f56bfc062723c751e8b465ee728b) (PreviewImporter) -> (artifact id: '3646ef0d634b6d4cc69b00298c0394d0') in 0.0236869 seconds
Number of updated asset objects reloaded before import = 0Number of asset objects unloaded after import = 2

========================================================================
Received Import Request.
  Time since last request: 0.000023 seconds.
  path: Assets/Art/rvros-adventurer/Individual Sprites/adventurer-bow-03.png
  artifactKey: Guid(4c537376539e2ff43880d3da41b219f4) Importer(815301076,1909f56bfc062723c751e8b465ee728b)
Start importing Assets/Art/rvros-adventurer/Individual Sprites/adventurer-bow-03.png using Guid(4c537376539e2ff43880d3da41b219f4) Importer(815301076,1909f56bfc062723c751e8b465ee728b) (PreviewImporter) -> (artifact id: '135ee0c79f64fc616bfb52ff4e625971') in 0.0194292 seconds
Number of updated asset objects reloaded before import = 0Number of asset objects unloaded after import = 2

========================================================================
Received Import Request.
  Time since last request: 0.000024 seconds.
  path: Assets/Art/rvros-adventurer/Individual Sprites/adventurer-attack1-03.png
  artifactKey: Guid(b5bd8fdfeb336404fb2720bb827260bd) Importer(815301076,1909f56bfc062723c751e8b465ee728b)
Start importing Assets/Art/rvros-adventurer/Individual Sprites/adventurer-attack1-03.png using Guid(b5bd8fdfeb336404fb2720bb827260bd) Importer(815301076,1909f56bfc062723c751e8b465ee728b) (PreviewImporter) -> (artifact id: '0c3a73b9e1ee407ab3ff4bd1db2bb657') in 0.0194427 seconds
Number of updated asset objects reloaded before import = 0Number of asset objects unloaded after import = 2

========================================================================
Received Import Request.
  Time since last request: 0.000026 seconds.
  path: Assets/Art/rvros-adventurer/Individual Sprites/adventurer-attack2-02.png
  artifactKey: Guid(bbf88411e05ecb841947464eb2ef88bc) Importer(815301076,1909f56bfc062723c751e8b465ee728b)
Start importing Assets/Art/rvros-adventurer/Individual Sprites/adventurer-attack2-02.png using Guid(bbf88411e05ecb841947464eb2ef88bc) Importer(815301076,1909f56bfc062723c751e8b465ee728b) (PreviewImporter) -> (artifact id: 'c4a8491e093d247f13331777b4e67231') in 0.0247925 seconds
Number of updated asset objects reloaded before import = 0Number of asset objects unloaded after import = 2

========================================================================
Received Import Request.
  Time since last request: 0.000032 seconds.
  path: Assets/Art/rvros-adventurer/Individual Sprites/adventurer-attack3-03.png
  artifactKey: Guid(10c9c443361fb91419e3f5258cdd2f0e) Importer(815301076,1909f56bfc062723c751e8b465ee728b)
Start importing Assets/Art/rvros-adventurer/Individual Sprites/adventurer-attack3-03.png using Guid(10c9c443361fb91419e3f5258cdd2f0e) Importer(815301076,1909f56bfc062723c751e8b465ee728b) (PreviewImporter) -> (artifact id: 'c36eabc45e90ef7d77cfcec06fb89dcb') in 0.0279737 seconds
Number of updated asset objects reloaded before import = 0Number of asset objects unloaded after import = 2

========================================================================
Received Import Request.
  Time since last request: 0.000044 seconds.
  path: Assets/Art/rvros-adventurer/Individual Sprites/adventurer-bow-01.png
  artifactKey: Guid(a398450ff54c53f40839566206d0bdbc) Importer(815301076,1909f56bfc062723c751e8b465ee728b)
Start importing Assets/Art/rvros-adventurer/Individual Sprites/adventurer-bow-01.png using Guid(a398450ff54c53f40839566206d0bdbc) Importer(815301076,1909f56bfc062723c751e8b465ee728b) (PreviewImporter) -> (artifact id: 'b78885fa5756505c1c046130e29ce111') in 0.0211536 seconds
Number of updated asset objects reloaded before import = 0Number of asset objects unloaded after import = 2

========================================================================
Received Import Request.
  Time since last request: 0.000033 seconds.
  path: Assets/Art/rvros-adventurer/Individual Sprites/adventurer-bow-00.png
  artifactKey: Guid(3278a53397226b64cb88da4d30ab197b) Importer(815301076,1909f56bfc062723c751e8b465ee728b)
Start importing Assets/Art/rvros-adventurer/Individual Sprites/adventurer-bow-00.png using Guid(3278a53397226b64cb88da4d30ab197b) Importer(815301076,1909f56bfc062723c751e8b465ee728b) (PreviewImporter) -> (artifact id: 'b48602347c8b4eee5fae4315f2fa272d') in 0.0232246 seconds
Number of updated asset objects reloaded before import = 0Number of asset objects unloaded after import = 2

========================================================================
Received Import Request.
  Time since last request: 0.000025 seconds.
  path: Assets/Art/rvros-adventurer/Individual Sprites/adventurer-attack1-01.png
  artifactKey: Guid(768320c8986352143bbc4fa8522e04ba) Importer(815301076,1909f56bfc062723c751e8b465ee728b)
Start importing Assets/Art/rvros-adventurer/Individual Sprites/adventurer-attack1-01.png using Guid(768320c8986352143bbc4fa8522e04ba) Importer(815301076,1909f56bfc062723c751e8b465ee728b) (PreviewImporter) -> (artifact id: 'dd4547ab3c1f5f9ec056a5eefb9f5546') in 0.0216467 seconds
Number of updated asset objects reloaded before import = 0Number of asset objects unloaded after import = 2

========================================================================
Received Import Request.
  Time since last request: 16.431404 seconds.
  path: Assets/Art/rvros-adventurer/Individual Sprites/adventurer-bow-06.png
  artifactKey: Guid(bd4626ed5b5a4c440969d43930bdd853) Importer(815301076,1909f56bfc062723c751e8b465ee728b)
Start importing Assets/Art/rvros-adventurer/Individual Sprites/adventurer-bow-06.png using Guid(bd4626ed5b5a4c440969d43930bdd853) Importer(815301076,1909f56bfc062723c751e8b465ee728b) (PreviewImporter) -> (artifact id: '0d1ae25332be3bd284e517b8333a81f4') in 0.0154361 seconds
Number of updated asset objects reloaded before import = 0Number of asset objects unloaded after import = 2

========================================================================
Received Import Request.
  Time since last request: 0.000032 seconds.
  path: Assets/Art/rvros-adventurer/Individual Sprites/adventurer-bow-jump-00.png
  artifactKey: Guid(118d3ddd5b71e894a94acdf357e6340d) Importer(815301076,1909f56bfc062723c751e8b465ee728b)
Start importing Assets/Art/rvros-adventurer/Individual Sprites/adventurer-bow-jump-00.png using Guid(118d3ddd5b71e894a94acdf357e6340d) Importer(815301076,1909f56bfc062723c751e8b465ee728b) (PreviewImporter) -> (artifact id: 'f27c954eb09c56c7eefd183648d5bf14') in 0.0185788 seconds
Number of updated asset objects reloaded before import = 0Number of asset objects unloaded after import = 2

========================================================================
Received Import Request.
  Time since last request: 0.000024 seconds.
  path: Assets/Art/rvros-adventurer/Individual Sprites/adventurer-bow-jump-04.png
  artifactKey: Guid(1b5940ef5b6d18b4088cb945f3fa0c9c) Importer(815301076,1909f56bfc062723c751e8b465ee728b)
Start importing Assets/Art/rvros-adventurer/Individual Sprites/adventurer-bow-jump-04.png using Guid(1b5940ef5b6d18b4088cb945f3fa0c9c) Importer(815301076,1909f56bfc062723c751e8b465ee728b) (PreviewImporter) -> (artifact id: '144257b3f1e2b080cf61cb219e841299') in 0.0168241 seconds
Number of updated asset objects reloaded before import = 0Number of asset objects unloaded after import = 2

========================================================================
Received Import Request.
  Time since last request: 0.000033 seconds.
  path: Assets/Art/rvros-adventurer/Individual Sprites/adventurer-cast-01.png
  artifactKey: Guid(028e56d1e17c29d4299c8c94b652e891) Importer(815301076,1909f56bfc062723c751e8b465ee728b)
Start importing Assets/Art/rvros-adventurer/Individual Sprites/adventurer-cast-01.png using Guid(028e56d1e17c29d4299c8c94b652e891) Importer(815301076,1909f56bfc062723c751e8b465ee728b) (PreviewImporter) -> (artifact id: '63149118d429905974e79875a5d98db0') in 0.0187374 seconds
Number of updated asset objects reloaded before import = 0Number of asset objects unloaded after import = 2

========================================================================
Received Import Request.
  Time since last request: 0.000023 seconds.
  path: Assets/Art/rvros-adventurer/Individual Sprites/adventurer-cast-loop-00.png
  artifactKey: Guid(f2bc20388078d24439e0cc427777d055) Importer(815301076,1909f56bfc062723c751e8b465ee728b)
Start importing Assets/Art/rvros-adventurer/Individual Sprites/adventurer-cast-loop-00.png using Guid(f2bc20388078d24439e0cc427777d055) Importer(815301076,1909f56bfc062723c751e8b465ee728b) (PreviewImporter) -> (artifact id: '5c3a10f389c46a7afd2406175f1f2e76') in 0.0189561 seconds
Number of updated asset objects reloaded before import = 0Number of asset objects unloaded after import = 2

========================================================================
Received Import Request.
  Time since last request: 0.000021 seconds.
  path: Assets/Art/rvros-adventurer/Individual Sprites/adventurer-crnr-clmb-03.png
  artifactKey: Guid(5268cd39ecf33f34eb6762a26ff18fd2) Importer(815301076,1909f56bfc062723c751e8b465ee728b)
Start importing Assets/Art/rvros-adventurer/Individual Sprites/adventurer-crnr-clmb-03.png using Guid(5268cd39ecf33f34eb6762a26ff18fd2) Importer(815301076,1909f56bfc062723c751e8b465ee728b) (PreviewImporter) -> (artifact id: '00ffba148adde94fffb434bee96d179d') in 0.0172054 seconds
Number of updated asset objects reloaded before import = 0Number of asset objects unloaded after import = 2

========================================================================
Received Import Request.
  Time since last request: 0.000024 seconds.
  path: Assets/Art/rvros-adventurer/Individual Sprites/adventurer-cast-loop-02.png
  artifactKey: Guid(7030a2567db085f43a5679758d5b812d) Importer(815301076,1909f56bfc062723c751e8b465ee728b)
Start importing Assets/Art/rvros-adventurer/Individual Sprites/adventurer-cast-loop-02.png using Guid(7030a2567db085f43a5679758d5b812d) Importer(815301076,1909f56bfc062723c751e8b465ee728b) (PreviewImporter) -> (artifact id: 'cec31e3cdccc253c136239f49434a94e') in 0.0113255 seconds
Number of updated asset objects reloaded before import = 0Number of asset objects unloaded after import = 2

========================================================================
Received Import Request.
  Time since last request: 0.000031 seconds.
  path: Assets/Art/rvros-adventurer/Individual Sprites/adventurer-cast-loop-01.png
  artifactKey: Guid(6ab85751ea245c940acaf0a0effa1d60) Importer(815301076,1909f56bfc062723c751e8b465ee728b)
Start importing Assets/Art/rvros-adventurer/Individual Sprites/adventurer-cast-loop-01.png using Guid(6ab85751ea245c940acaf0a0effa1d60) Importer(815301076,1909f56bfc062723c751e8b465ee728b) (PreviewImporter) -> (artifact id: '77d872f259ee268980e16798d4da246d') in 0.0087761 seconds
Number of updated asset objects reloaded before import = 0Number of asset objects unloaded after import = 2

========================================================================
Received Import Request.
  Time since last request: 0.000029 seconds.
  path: Assets/Art/rvros-adventurer/Individual Sprites/adventurer-crnr-jmp-00.png
  artifactKey: Guid(5f9d7f34568032444b2b8f406ca5d8df) Importer(815301076,1909f56bfc062723c751e8b465ee728b)
Start importing Assets/Art/rvros-adventurer/Individual Sprites/adventurer-crnr-jmp-00.png using Guid(5f9d7f34568032444b2b8f406ca5d8df) Importer(815301076,1909f56bfc062723c751e8b465ee728b) (PreviewImporter) -> (artifact id: '78e15bc90b1d1001d083b26b327349b7') in 0.0172083 seconds
Number of updated asset objects reloaded before import = 0Number of asset objects unloaded after import = 2

========================================================================
Received Import Request.
  Time since last request: 0.017507 seconds.
  path: Assets/Art/rvros-adventurer/Individual Sprites/adventurer-crouch-02.png
  artifactKey: Guid(ef8edbfb758b5f54eaede476bdb9b45a) Importer(815301076,1909f56bfc062723c751e8b465ee728b)
Start importing Assets/Art/rvros-adventurer/Individual Sprites/adventurer-crouch-02.png using Guid(ef8edbfb758b5f54eaede476bdb9b45a) Importer(815301076,1909f56bfc062723c751e8b465ee728b) (PreviewImporter) -> (artifact id: 'a8875e76dde02cfca2661a771d090909') in 0.0194079 seconds
Number of updated asset objects reloaded before import = 0Number of asset objects unloaded after import = 2

========================================================================
Received Import Request.
  Time since last request: 0.015328 seconds.
  path: Assets/Art/rvros-adventurer/Individual Sprites/adventurer-crouch-walk-02.png
  artifactKey: Guid(428a834ae9072624f8b500e10c48cbc4) Importer(815301076,1909f56bfc062723c751e8b465ee728b)
Start importing Assets/Art/rvros-adventurer/Individual Sprites/adventurer-crouch-walk-02.png using Guid(428a834ae9072624f8b500e10c48cbc4) Importer(815301076,1909f56bfc062723c751e8b465ee728b) (PreviewImporter) -> (artifact id: '5a0aaa7166a03e2c6587791e3ebe7bf9') in 0.0182512 seconds
Number of updated asset objects reloaded before import = 0Number of asset objects unloaded after import = 2

Editor requested this worker to shutdown with reason: Scaling down because of idle timeout
AssetImportWorker is now disconnected from the server
Process exiting
Exiting without the bug reporter. Application will terminate with return code 0